<?xml version="1.0" encoding="UTF-8"?>
<!-- Generated by org.testng.reporters.JUnitReportReporter -->
<testsuite hostname="APL-5CD010D4FD" failures="0" tests="1" name="com.WiproWebDriver.TestScenario_02" time="6.337" errors="0" timestamp="2023-05-22T22:35:52 GMT-06:00" skipped="0">
  <testcase classname="com.WiproWebDriver.TestScenario_02" name="TestRCheckBoxandRadioBtN" time="6.337"/>
  <system-out/>
</testsuite> <!-- com.WiproWebDriver.TestScenario_02 -->
